[H[2J[3J[0;36m
  ██████╗      ██████╗ ███████╗
 ██╔════╝     ██╔═══██╗██╔════╝
 ██║          ██║   ██║███████╗
 ██║          ██║   ██║╚════██║
 ╚██████╗     ╚██████╔╝███████║
  ╚═════╝      ╚═════╝ ╚══════╝
[0m
[1m  C OS Carbon v1.0 — Build Script[0m
  Base: Ubuntu 24.04 Noble
  Mon Mar  9 18:35:25 UTC 2026

[1;33m  This will take 15-25 minutes.[0m
[1;33m  Do not close this terminal.[0m


[0;36m[1/20][0m [1mUpdating system[0m

WARNING: apt does not have a stable CLI interface. Use with caution in scripts.

Hit:1 http://eu-north-1.ec2.archive.ubuntu.com/ubuntu noble InRelease
Hit:2 http://eu-north-1.ec2.archive.ubuntu.com/ubuntu noble-updates InRelease
Hit:3 http://eu-north-1.ec2.archive.ubuntu.com/ubuntu noble-backports InRelease
Hit:4 https://dl.winehq.org/wine-builds/ubuntu noble InRelease
Hit:5 http://security.ubuntu.com/ubuntu noble-security InRelease
Reading package lists...
Building dependency tree...
Reading state information...
All packages are up to date.

WARNING: apt does not have a stable CLI interface. Use with caution in scripts.

Reading package lists...
Building dependency tree...
Reading state information...
Calculating upgrade...
Get more security updates through Ubuntu Pro with 'esm-apps' enabled:
  libzvbi-common libcjson1 libcjson1 libavcodec60 libavcodec60 libzvbi0t64
  libzvbi0t64 libavutil58 libavutil58 libswresample4 libswresample4 7zip
  libavformat60 libavformat60
Learn more about Ubuntu Pro on AWS at https://ubuntu.com/aws/pro
0 upgraded, 0 newly installed, 0 to remove and 0 not upgraded.

WARNING: apt does not have a stable CLI interface. Use with caution in scripts.

Reading package lists...
Building dependency tree...
Reading state information...
0 upgraded, 0 newly installed, 0 to remove and 0 not upgraded.
[0;32m[1m✅ System updated[0m

[0;36m[2/20][0m [1mInstalling core build tools[0m

WARNING: apt does not have a stable CLI interface. Use with caution in scripts.

Reading package lists...
Building dependency tree...
Reading state information...
git is already the newest version (1:2.43.0-1ubuntu7.3).
curl is already the newest version (8.5.0-2ubuntu10.7).
wget is already the newest version (1.21.4-1ubuntu4.1).
build-essential is already the newest version (12.10ubuntu1).
cmake is already the newest version (3.28.3-1build7).
ninja-build is already the newest version (1.11.1-2).
python3 is already the newest version (3.12.3-0ubuntu2.1).
python3-pip is already the newest version (24.0+dfsg-1ubuntu1.3).
python3-venv is already the newest version (3.12.3-0ubuntu2.1).
debootstrap is already the newest version (1.0.134ubuntu1).
squashfs-tools is already the newest version (1:4.6.1-1build1).
xorriso is already the newest version (1:1.5.6-1.1ubuntu3).
live-build is already the newest version (3.0~a57-1ubuntu49.1).
isolinux is already the newest version (3:6.04~git20190206.bf6db5b4+dfsg1-3ubuntu3).
syslinux-common is already the newest version (3:6.04~git20190206.bf6db5b4+dfsg1-3ubuntu3).
grub-efi-amd64-bin is already the newest version (2.12-1ubuntu7.3).
grub-pc-bin is already the newest version (2.12-1ubuntu7.3).
mtools is already the newest version (4.0.43-1build1).
dosfstools is already the newest version (4.2-1.1build1).
apt-utils is already the newest version (2.8.3).
software-properties-common is already the newest version (0.99.49.4).
zip is already the newest version (3.0-13ubuntu0.2).
unzip is already the newest version (6.0-28ubuntu4.1).
jq is already the newest version (1.7.1-3ubuntu0.24.04.1).
bc is already the newest version (1.07.1-3ubuntu4).
pv is already the newest version (1.8.5-2build1).
dialog is already the newest version (1.3-20240101-1).
tree is already the newest version (2.1.1-2ubuntu3.24.04.2).
0 upgraded, 0 newly installed, 0 to remove and 0 not upgraded.
[0;32m[1m✅ Core build tools installed[0m

[0;36m[3/20][0m [1mInstalling Wayland compositor[0m

WARNING: apt does not have a stable CLI interface. Use with caution in scripts.

Reading package lists...
Building dependency tree...
Reading state information...
sway is already the newest version (1.9-1build2).
swaybg is already the newest version (1.2.0-2build2).
swaylock is already the newest version (1.7.2-1build2).
waybar is already the newest version (0.9.24-1build3).
wofi is already the newest version (1.4.1-1build2).
mako-notifier is already the newest version (1.8.0-2build2).
wayland-protocols is already the newest version (1.45-1~ubuntu0.24.04.1).
libwayland-dev is already the newest version (1.22.0-2.1build1).
xwayland is already the newest version (2:23.2.6-1ubuntu0.8).
wl-clipboard is already the newest version (2.2.1-1build1).
grim is already the newest version (1.4.0+ds-2build2).
slurp is already the newest version (1.5.0-1).
policykit-1-gnome is already the newest version (0.105-7ubuntu5).
network-manager-gnome is already the newest version (1.34.0-1ubuntu3).
pipewire is already the newest version (1.0.5-1ubuntu3.2).
pipewire-pulse is already the newest version (1.0.5-1ubuntu3.2).
wireplumber is already the newest version (0.4.17-1ubuntu4.1).
pavucontrol is already the newest version (5.0-2build3).
alsa-utils is already the newest version (1.2.9-1ubuntu5).
0 upgraded, 0 newly installed, 0 to remove and 0 not upgraded.
[0;32m[1m✅ Wayland compositor installed[0m

[0;36m[4/20][0m [1mInstalling Vulkan and GPU drivers[0m

WARNING: apt does not have a stable CLI interface. Use with caution in scripts.

Reading package lists...
Building dependency tree...
Reading state information...
vulkan-tools is already the newest version (1.3.275.0+dfsg1-1).
vulkan-validationlayers is already the newest version (1.3.275.0-1).
libvulkan1 is already the newest version (1.3.275.0-1build1).
mesa-vulkan-drivers is already the newest version (25.2.8-0ubuntu0.24.04.1).
mesa-utils is already the newest version (9.0.0-2).
va-driver-all is already the newest version (2.20.0-2ubuntu0.1).
libvkd3d1 is already the newest version (1.2-15build1).
libvkd3d-dev is already the newest version (1.2-15build1).
spirv-tools is already the newest version (2025.1~rc1-1~ubuntu0.24.04.1).
glslang-tools is already the newest version (15.1.0-2~ubuntu0.24.04.1).
libgl1-mesa-dri is already the newest version (25.2.8-0ubuntu0.24.04.1).
libglx-mesa0 is already the newest version (25.2.8-0ubuntu0.24.04.1).
0 upgraded, 0 newly installed, 0 to remove and 0 not upgraded.
[0;32m[1m✅ Vulkan and GPU drivers installed[0m

[0;36m[5/20][0m [1mInstalling Wine Staging[0m
deb [arch=amd64,i386 signed-by=/etc/apt/keyrings/winehq.gpg]   https://dl.winehq.org/wine-builds/ubuntu/ noble main

WARNING: apt does not have a stable CLI interface. Use with caution in scripts.

Hit:1 http://eu-north-1.ec2.archive.ubuntu.com/ubuntu noble InRelease
Hit:2 http://eu-north-1.ec2.archive.ubuntu.com/ubuntu noble-updates InRelease
Hit:3 http://eu-north-1.ec2.archive.ubuntu.com/ubuntu noble-backports InRelease
Hit:4 https://dl.winehq.org/wine-builds/ubuntu noble InRelease
Hit:5 http://security.ubuntu.com/ubuntu noble-security InRelease
Reading package lists...
Building dependency tree...
Reading state information...
All packages are up to date.

WARNING: apt does not have a stable CLI interface. Use with caution in scripts.

Reading package lists...
Building dependency tree...
Reading state information...
winehq-staging is already the newest version (11.4~noble-1).
winetricks is already the newest version (20240105-2).
0 upgraded, 0 newly installed, 0 to remove and 0 not upgraded.
[0;32m[1m✅ Wine Staging installed[0m

[0;36m[6/20][0m [1mInstalling DXVK and VKD3D[0m

WARNING: apt does not have a stable CLI interface. Use with caution in scripts.

Reading package lists...
Building dependency tree...
Reading state information...
libvkd3d1 is already the newest version (1.2-15build1).
libvkd3d-dev is already the newest version (1.2-15build1).
spirv-tools is already the newest version (2025.1~rc1-1~ubuntu0.24.04.1).
glslang-tools is already the newest version (15.1.0-2~ubuntu0.24.04.1).
0 upgraded, 0 newly installed, 0 to remove and 0 not upgraded.
Using winetricks 20240105 - sha256sum: 17da748ce874adb2ee9fed79d2550c0c58e57d5969cc779a8779301350625c55 with wine-11.4 (Staging) and WINEARCH=win64
dxvk already installed, skipping
[0;32m[1m✅ DXVK and VKD3D installed[0m

[0;36m[7/20][0m [1mInstalling Flatpak and Bottles[0m

WARNING: apt does not have a stable CLI interface. Use with caution in scripts.

Reading package lists...
Building dependency tree...
Reading state information...
flatpak is already the newest version (1.14.6-1ubuntu0.1).
0 upgraded, 0 newly installed, 0 to remove and 0 not upgraded.
polkit-agent-helper-1: pam_authenticate failed: Authentication failure
error: Flatpak system operation ConfigureRemote not allowed for user
